<?xml version="1.0" encoding="UTF-8"?>
<!-- Generated by org.testng.reporters.JUnitReportReporter -->
<testsuite hostname="DESKTOP-0PRBCVL" failures="0" tests="1" name="TestCases.Swag_TC0101" time="1.250" errors="0" timestamp="2022-03-29T16:51:20 IST" skipped="0">
  <testcase classname="TestCases.Swag_TC0101" name="TC0101" time="1.250"/>
  <system-out/>
</testsuite> <!-- TestCases.Swag_TC0101 -->
